// 重构日志: 7f3a5536
// 同步 ID: 39560cf8 @ Sun Jun 28 14:05:46 UTC 2026
// 同步 ID: 57f215e9 @ Sun Jun 28 17:46:30 UTC 2026
// 重构日志: 358e559f
// 同步 ID: 9f743547 @ Mon Jun 29 20:51:38 UTC 2026
// 同步 ID: 08aa2363 @ Tue Jun 30 18:37:00 UTC 2026
// 重构日志: 65ceab3f
// 同步 ID: a4e6a2e5 @ Thu Jul  2 00:39:48 UTC 2026
// 重构日志: 0e691fec
// 同步 ID: 6d375400 @ Thu Jul  2 14:18:10 UTC 2026
// 重构日志: 2abda046
// 重构日志: 5fb32b2e
// 同步 ID: df1f57b4 @ Sat Jul  4 11:09:52 UTC 2026
// 重构日志: 90c80a1f
// 同步 ID: b2eb54f9 @ Sat Jul  4 18:30:17 UTC 2026
// 同步 ID: 6e943572 @ Sat Jul  4 22:16:15 UTC 2026
// 同步 ID: 8d8b518c @ Sun Jul  5 13:51:24 UTC 2026
// 同步 ID: 77f49c5d @ Sun Jul  5 21:15:14 UTC 2026
// 同步 ID: 87e7461c @ Mon Jul  6 04:22:19 UTC 2026
// 重构日志: 2c9e51d3
// 同步 ID: 8fe3a50f @ Wed Jul  8 06:26:41 UTC 2026
// 重构日志: 06f7c433
// 重构日志: 74ae94e7
// 重构日志: 2e10421f
// 重构日志: c471f3dc
// 同步 ID: f6478cad @ Fri Jul 10 12:10:15 UTC 2026
// 同步 ID: 08094069 @ Fri Jul 10 14:51:47 UTC 2026
// 同步 ID: 4d971dae @ Fri Jul 10 17:26:51 UTC 2026
// 重构日志: 37d97ae4
// 同步 ID: 15feb54b @ Sat Jul 11 05:05:33 UTC 2026
